MSP430 Assembler PC v21.6.0 Thu Mar 30 20:42:05 2023

Copyright (c) 2003-2018 Texas Instruments Incorporated
C:\Users\crs0074\AppData\Local\Temp\{59B2CB1A-1083-47ED-B960-71D4990B2B5D} PAGE    1

       1            ;******************************************************************************
       2            ;* MSP430 G3 C/C++ Codegen                                              PC v21.6.0.LTS *
       3            ;* Date/Time created: Thu Mar 30 20:42:05 2023                                *
       4            ;******************************************************************************
       5                    .compiler_opts --abi=eabi --diag_wrap=off --hll_source=on --mem_model:code=small --mem_model:d
       6            
       7            $C$DW$CU        .dwtag  DW_TAG_compile_unit
       8                    .dwattr $C$DW$CU, DW_AT_name("../Lab7_P2.c")
       9                    .dwattr $C$DW$CU, DW_AT_producer("TI MSP430 G3 C/C++ Codegen PC v21.6.0.LTS Copyright (c) 2003
      10                    .dwattr $C$DW$CU, DW_AT_TI_version(0x01)
      11                    .dwattr $C$DW$CU, DW_AT_comp_dir("C:\Users\crs0074\workspace_v12\project07_2023\Debug")
      12            ;       Interrupt vector table mappings
      13 000000               .intvec ".int26",       watchdog_timer
         000000       
      14            $C$DW$1 .dwtag  DW_TAG_variable
      15                    .dwattr $C$DW$1, DW_AT_name("IE1")
      16                    .dwattr $C$DW$1, DW_AT_TI_symbol_name("IE1")
      17                    .dwattr $C$DW$1, DW_AT_type(*$C$DW$T$23)
      18                    .dwattr $C$DW$1, DW_AT_declaration
      19                    .dwattr $C$DW$1, DW_AT_external
      20                    .dwattr $C$DW$1, DW_AT_decl_file("C:/ti/ccs1200/ccs/ccs_base/msp430/include/msp430xG46x.h")
      21                    .dwattr $C$DW$1, DW_AT_decl_line(0xa5)
      22                    .dwattr $C$DW$1, DW_AT_decl_column(0x01)
      23            
      24            $C$DW$2 .dwtag  DW_TAG_variable
      25                    .dwattr $C$DW$2, DW_AT_name("IFG1")
      26                    .dwattr $C$DW$2, DW_AT_TI_symbol_name("IFG1")
      27                    .dwattr $C$DW$2, DW_AT_type(*$C$DW$T$23)
      28                    .dwattr $C$DW$2, DW_AT_declaration
      29                    .dwattr $C$DW$2, DW_AT_external
      30                    .dwattr $C$DW$2, DW_AT_decl_file("C:/ti/ccs1200/ccs/ccs_base/msp430/include/msp430xG46x.h")
      31                    .dwattr $C$DW$2, DW_AT_decl_line(0xab)
      32                    .dwattr $C$DW$2, DW_AT_decl_column(0x01)
      33            
      34            $C$DW$3 .dwtag  DW_TAG_variable
      35                    .dwattr $C$DW$3, DW_AT_name("P2OUT")
      36                    .dwattr $C$DW$3, DW_AT_TI_symbol_name("P2OUT")
      37                    .dwattr $C$DW$3, DW_AT_type(*$C$DW$T$23)
      38                    .dwattr $C$DW$3, DW_AT_declaration
      39                    .dwattr $C$DW$3, DW_AT_external
      40                    .dwattr $C$DW$3, DW_AT_decl_file("C:/ti/ccs1200/ccs/ccs_base/msp430/include/msp430xG46x.h")
      41                    .dwattr $C$DW$3, DW_AT_decl_line(0x45c)
      42                    .dwattr $C$DW$3, DW_AT_decl_column(0x01)
      43            
      44            $C$DW$4 .dwtag  DW_TAG_variable
      45                    .dwattr $C$DW$4, DW_AT_name("P2DIR")
      46                    .dwattr $C$DW$4, DW_AT_TI_symbol_name("P2DIR")
      47                    .dwattr $C$DW$4, DW_AT_type(*$C$DW$T$23)
      48                    .dwattr $C$DW$4, DW_AT_declaration
      49                    .dwattr $C$DW$4, DW_AT_external
      50                    .dwattr $C$DW$4, DW_AT_decl_file("C:/ti/ccs1200/ccs/ccs_base/msp430/include/msp430xG46x.h")
      51                    .dwattr $C$DW$4, DW_AT_decl_line(0x45d)
      52                    .dwattr $C$DW$4, DW_AT_decl_column(0x01)
      53            
      54            $C$DW$5 .dwtag  DW_TAG_variable
MSP430 Assembler PC v21.6.0 Thu Mar 30 20:42:05 2023

Copyright (c) 2003-2018 Texas Instruments Incorporated
C:\Users\crs0074\AppData\Local\Temp\{59B2CB1A-1083-47ED-B960-71D4990B2B5D} PAGE    2

      55                    .dwattr $C$DW$5, DW_AT_name("OUT *")
      56                    .dwattr $C$DW$5, DW_AT_TI_symbol_name("P3OUT")
      57                    .dwattr $C$DW$5, DW_AT_type(*$C$DW$T$23)
      58                    .dwattr $C$DW$5, DW_AT_declaration
      59                    .dwattr $C$DW$5, DW_AT_external
      60                    .dwattr $C$DW$5, DW_AT_decl_file("C:/ti/ccs1200/ccs/ccs_base/msp430/include/msp430xG46x.h")
      61                    .dwattr $C$DW$5, DW_AT_decl_line(0x46d)
      62                    .dwattr $C$DW$5, DW_AT_decl_column(0x01)
      63            
      64            $C$DW$6 .dwtag  DW_TAG_variable
      65                    .dwattr $C$DW$6, DW_AT_name("DIR *")
      66                    .dwattr $C$DW$6, DW_AT_TI_symbol_name("P3DIR")
      67                    .dwattr $C$DW$6, DW_AT_type(*$C$DW$T$23)
      68                    .dwattr $C$DW$6, DW_AT_declaration
      69                    .dwattr $C$DW$6, DW_AT_external
      70                    .dwattr $C$DW$6, DW_AT_decl_file("C:/ti/ccs1200/ccs/ccs_base/msp430/include/msp430xG46x.h")
      71                    .dwattr $C$DW$6, DW_AT_decl_line(0x46e)
      72                    .dwattr $C$DW$6, DW_AT_decl_column(0x01)
      73            
      74            $C$DW$7 .dwtag  DW_TAG_variable
      75                    .dwattr $C$DW$7, DW_AT_name("SEL *")
      76                    .dwattr $C$DW$7, DW_AT_TI_symbol_name("P3SEL")
      77                    .dwattr $C$DW$7, DW_AT_type(*$C$DW$T$23)
      78                    .dwattr $C$DW$7, DW_AT_declaration
      79                    .dwattr $C$DW$7, DW_AT_external
      80                    .dwattr $C$DW$7, DW_AT_decl_file("C:/ti/ccs1200/ccs/ccs_base/msp430/include/msp430xG46x.h")
      81                    .dwattr $C$DW$7, DW_AT_decl_line(0x46f)
      82                    .dwattr $C$DW$7, DW_AT_decl_column(0x01)
      83            
      84            $C$DW$8 .dwtag  DW_TAG_variable
      85                    .dwattr $C$DW$8, DW_AT_name("TBCTL")
      86                    .dwattr $C$DW$8, DW_AT_TI_symbol_name("TBCTL")
      87                    .dwattr $C$DW$8, DW_AT_type(*$C$DW$T$24)
      88                    .dwattr $C$DW$8, DW_AT_declaration
      89                    .dwattr $C$DW$8, DW_AT_external
      90                    .dwattr $C$DW$8, DW_AT_decl_file("C:/ti/ccs1200/ccs/ccs_base/msp430/include/msp430xG46x.h")
      91                    .dwattr $C$DW$8, DW_AT_decl_line(0x550)
      92                    .dwattr $C$DW$8, DW_AT_decl_column(0x01)
      93            
      94            $C$DW$9 .dwtag  DW_TAG_variable
      95                    .dwattr $C$DW$9, DW_AT_name("TBCCTL4")
      96                    .dwattr $C$DW$9, DW_AT_TI_symbol_name("TBCCTL4")
      97                    .dwattr $C$DW$9, DW_AT_type(*$C$DW$T$24)
      98                    .dwattr $C$DW$9, DW_AT_declaration
      99                    .dwattr $C$DW$9, DW_AT_external
     100                    .dwattr $C$DW$9, DW_AT_decl_file("C:/ti/ccs1200/ccs/ccs_base/msp430/include/msp430xG46x.h")
     101                    .dwattr $C$DW$9, DW_AT_decl_line(0x555)
     102                    .dwattr $C$DW$9, DW_AT_decl_column(0x01)
     103            
     104            $C$DW$10        .dwtag  DW_TAG_variable
     105                    .dwattr $C$DW$10, DW_AT_name("TBCCR0")
     106                    .dwattr $C$DW$10, DW_AT_TI_symbol_name("TBCCR0")
     107                    .dwattr $C$DW$10, DW_AT_type(*$C$DW$T$24)
     108                    .dwattr $C$DW$10, DW_AT_declaration
     109                    .dwattr $C$DW$10, DW_AT_external
MSP430 Assembler PC v21.6.0 Thu Mar 30 20:42:05 2023

Copyright (c) 2003-2018 Texas Instruments Incorporated
C:\Users\crs0074\AppData\Local\Temp\{59B2CB1A-1083-47ED-B960-71D4990B2B5D} PAGE    3

     110                    .dwattr $C$DW$10, DW_AT_decl_file("C:/ti/ccs1200/ccs/ccs_base/msp430/include/msp430xG46x.h")
     111                    .dwattr $C$DW$10, DW_AT_decl_line(0x559)
     112                    .dwattr $C$DW$10, DW_AT_decl_column(0x01)
     113            
     114            $C$DW$11        .dwtag  DW_TAG_variable
     115                    .dwattr $C$DW$11, DW_AT_name("TBCCR4")
     116                    .dwattr $C$DW$11, DW_AT_TI_symbol_name("TBCCR4")
     117                    .dwattr $C$DW$11, DW_AT_type(*$C$DW$T$24)
     118                    .dwattr $C$DW$11, DW_AT_declaration
     119                    .dwattr $C$DW$11, DW_AT_external
     120                    .dwattr $C$DW$11, DW_AT_decl_file("C:/ti/ccs1200/ccs/ccs_base/msp430/include/msp430xG46x.h")
     121                    .dwattr $C$DW$11, DW_AT_decl_line(0x55d)
     122                    .dwattr $C$DW$11, DW_AT_decl_column(0x01)
     123            
     124            $C$DW$12        .dwtag  DW_TAG_variable
     125                    .dwattr $C$DW$12, DW_AT_name("WDTCTL")
     126                    .dwattr $C$DW$12, DW_AT_TI_symbol_name("WDTCTL")
     127                    .dwattr $C$DW$12, DW_AT_type(*$C$DW$T$24)
     128                    .dwattr $C$DW$12, DW_AT_declaration
     129                    .dwattr $C$DW$12, DW_AT_external
     130                    .dwattr $C$DW$12, DW_AT_decl_file("C:/ti/ccs1200/ccs/ccs_base/msp430/include/msp430xG46x.h")
     131                    .dwattr $C$DW$12, DW_AT_decl_line(0x6e5)
     132                    .dwattr $C$DW$12, DW_AT_decl_column(0x01)
     133            
     134            ;       C:\ti\ccs1200\ccs\tools\compiler\ti-cgt-msp430_21.6.0.LTS\bin\acpia430.exe -@C:\\Users\\crs007
     135 000000               .sect   ".text:main"
     136                    .clink
     137                    .global main
     138            
     139            $C$DW$13        .dwtag  DW_TAG_subprogram
     140                    .dwattr $C$DW$13, DW_AT_name("main")
     141                    .dwattr $C$DW$13, DW_AT_low_pc(main)
     142                    .dwattr $C$DW$13, DW_AT_high_pc(0x00)
     143                    .dwattr $C$DW$13, DW_AT_TI_symbol_name("main")
     144                    .dwattr $C$DW$13, DW_AT_external
     145                    .dwattr $C$DW$13, DW_AT_TI_begin_file("../Lab7_P2.c")
     146                    .dwattr $C$DW$13, DW_AT_TI_begin_line(0x1e)
     147                    .dwattr $C$DW$13, DW_AT_TI_begin_column(0x06)
     148                    .dwattr $C$DW$13, DW_AT_decl_file("../Lab7_P2.c")
     149                    .dwattr $C$DW$13, DW_AT_decl_line(0x1e)
     150                    .dwattr $C$DW$13, DW_AT_decl_column(0x06)
     151                    .dwattr $C$DW$13, DW_AT_TI_max_frame_size(0x02)
     152                    .dwpsn  file "../Lab7_P2.c",line 31,column 1,is_stmt,address main,isa 0
     153            
     154                    .dwfde $C$DW$CIE, main
     155            
     156            ;*****************************************************************************
     157            ;* FUNCTION NAME: main                                                       *
     158            ;*                                                                           *
     159            ;*   Regs Modified     : SP,SR                                               *
     160            ;*   Regs Used         : SP,SR                                               *
     161            ;*   Local Frame Size  : 0 Args + 0 Auto + 0 Save = 0 byte                   *
     162            ;*****************************************************************************
     163 000000       main:
     164            ;* --------------------------------------------------------------------------*
MSP430 Assembler PC v21.6.0 Thu Mar 30 20:42:05 2023

Copyright (c) 2003-2018 Texas Instruments Incorporated
C:\Users\crs0074\AppData\Local\Temp\{59B2CB1A-1083-47ED-B960-71D4990B2B5D} PAGE    4

     165                    .dwcfi  cfa_offset, 2
     166                    .dwcfi  save_reg_to_mem, 16, -2
     167                    .dwpsn  file "../Lab7_P2.c",line 32,column 5,is_stmt,isa 0
     168 000000 40B2          MOV.W     #23068,&WDTCTL+0      ; [] |32| 
         000002 5A1C 
         000004 0000!
     169                    .dwpsn  file "../Lab7_P2.c",line 33,column 5,is_stmt,isa 0
     170 000006 D3D2          OR.B      #1,&IE1+0             ; [] |33| 
         000008 0000!
     171                    .dwpsn  file "../Lab7_P2.c",line 36,column 5,is_stmt,isa 0
     172 00000a D232          EINT      ; [] |36| 
     173                    .dwpsn  file "../Lab7_P2.c",line 38,column 5,is_stmt,isa 0
     174 00000c D2E2          OR.B      #4,&P2DIR+0           ; [] |38| 
         00000e 0000!
     175                    .dwpsn  file "../Lab7_P2.c",line 40,column 5,is_stmt,isa 0
     176 000010 D0F2          OR.B      #32,&P3DIR+0          ; [] |40| 
         000012 0020 
         000014 0000!
     177                    .dwpsn  file "../Lab7_P2.c",line 41,column 5,is_stmt,isa 0
     178 000016 D0F2          OR.B      #32,&P3SEL+0          ; [] |41| 
         000018 0020 
         00001a 0000!
     179                    .dwpsn  file "../Lab7_P2.c",line 42,column 5,is_stmt,isa 0
     180 00001c F0F2          AND.B     #223,&P3OUT+0         ; [] |42| 
         00001e 00DF 
         000020 0000!
     181                    .dwpsn  file "../Lab7_P2.c",line 45,column 5,is_stmt,isa 0
     182 000022 40B2          MOV.W     #128,&TBCCTL4+0       ; [] |45| 
         000024 0080 
         000026 0000!
     183                    .dwpsn  file "../Lab7_P2.c",line 46,column 5,is_stmt,isa 0
     184 000028 40B2          MOV.W     #272,&TBCTL+0         ; [] |46| 
         00002a 0110 
         00002c 0000!
     185                    .dwpsn  file "../Lab7_P2.c",line 47,column 5,is_stmt,isa 0
     186 00002e 40B2          MOV.W     #33,&TBCCR0+0         ; [] |47| 
         000030 0021 
         000032 0000!
     187                    .dwpsn  file "../Lab7_P2.c",line 48,column 5,is_stmt,isa 0
     188 000034 40B2          MOV.W     #16,&TBCCR4+0         ; [] |48| 
         000036 0010 
         000038 0000!
     189                    .dwpsn  file "../Lab7_P2.c",line 50,column 5,is_stmt,isa 0
     190 00003a D032          BIS.W     #24,SR
         00003c 0018 
     191 00003e 4303          NOP      ; [] |50| 
     192                    .dwpsn  file "../Lab7_P2.c",line 51,column 1,is_stmt,isa 0
     193            $C$DW$14        .dwtag  DW_TAG_TI_branch
     194                    .dwattr $C$DW$14, DW_AT_low_pc(0x00)
     195                    .dwattr $C$DW$14, DW_AT_TI_return
     196            
     197 000040 4130          RET       ; [] 
     198                    ; [] 
     199                    .dwattr $C$DW$13, DW_AT_TI_end_file("../Lab7_P2.c")
     200                    .dwattr $C$DW$13, DW_AT_TI_end_line(0x33)
MSP430 Assembler PC v21.6.0 Thu Mar 30 20:42:05 2023

Copyright (c) 2003-2018 Texas Instruments Incorporated
C:\Users\crs0074\AppData\Local\Temp\{59B2CB1A-1083-47ED-B960-71D4990B2B5D} PAGE    5

     201                    .dwattr $C$DW$13, DW_AT_TI_end_column(0x01)
     202                    .dwendentry
     203                    .dwendtag $C$DW$13
     204            
     205 000000               .sect   ".text:watchdog_timer"
     206                    .clink
     207                    .global watchdog_timer
     208            
     209            $C$DW$15        .dwtag  DW_TAG_subprogram
     210                    .dwattr $C$DW$15, DW_AT_name("watchdog_timer")
     211                    .dwattr $C$DW$15, DW_AT_low_pc(watchdog_timer)
     212                    .dwattr $C$DW$15, DW_AT_high_pc(0x00)
     213                    .dwattr $C$DW$15, DW_AT_TI_symbol_name("watchdog_timer")
     214                    .dwattr $C$DW$15, DW_AT_external
     215                    .dwattr $C$DW$15, DW_AT_TI_begin_file("../Lab7_P2.c")
     216                    .dwattr $C$DW$15, DW_AT_TI_begin_line(0x39)
     217                    .dwattr $C$DW$15, DW_AT_TI_begin_column(0x12)
     218                    .dwattr $C$DW$15, DW_AT_decl_file("../Lab7_P2.c")
     219                    .dwattr $C$DW$15, DW_AT_decl_line(0x39)
     220                    .dwattr $C$DW$15, DW_AT_decl_column(0x12)
     221                    .dwattr $C$DW$15, DW_AT_TI_interrupt
     222                    .dwattr $C$DW$15, DW_AT_TI_max_frame_size(0x02)
     223                    .dwpsn  file "../Lab7_P2.c",line 57,column 40,is_stmt,address watchdog_timer,isa 0
     224            
     225                    .dwfde $C$DW$CIE, watchdog_timer
     226            
     227            ;*****************************************************************************
     228            ;* FUNCTION NAME: watchdog_timer                                             *
     229            ;*                                                                           *
     230            ;*   Regs Modified     : SP,SR                                               *
     231            ;*   Regs Used         : SP,SR                                               *
     232            ;*   Local Frame Size  : 0 Args + 0 Auto + 0 Save = 0 byte                   *
     233            ;*****************************************************************************
     234 000000       watchdog_timer:
     235            ;* --------------------------------------------------------------------------*
     236                    .dwcfi  cfa_offset, 2
     237                    .dwcfi  save_reg_to_mem, 16, -2
     238                    .dwpsn  file "../Lab7_P2.c",line 58,column 5,is_stmt,isa 0
     239 000000 E2E2          XOR.B     #4,&P2OUT+0           ; [] |58| 
         000002 0000!
     240                    .dwpsn  file "../Lab7_P2.c",line 59,column 5,is_stmt,isa 0
     241 000004 E0F2          XOR.B     #32,&P3DIR+0          ; [] |59| 
         000006 0020 
         000008 0000!
     242                    .dwpsn  file "../Lab7_P2.c",line 60,column 5,is_stmt,isa 0
     243 00000a C3D2          BIC.B     #1,&IFG1+0            ; [] |60| 
         00000c 0000!
     244                    .dwpsn  file "../Lab7_P2.c",line 61,column 1,is_stmt,isa 0
     245            $C$DW$16        .dwtag  DW_TAG_TI_branch
     246                    .dwattr $C$DW$16, DW_AT_low_pc(0x00)
     247                    .dwattr $C$DW$16, DW_AT_TI_return
     248            
     249 00000e 1300          RETI      ; [] 
     250                    ; [] 
     251                    .dwattr $C$DW$15, DW_AT_TI_end_file("../Lab7_P2.c")
MSP430 Assembler PC v21.6.0 Thu Mar 30 20:42:05 2023

Copyright (c) 2003-2018 Texas Instruments Incorporated
C:\Users\crs0074\AppData\Local\Temp\{59B2CB1A-1083-47ED-B960-71D4990B2B5D} PAGE    6

     252                    .dwattr $C$DW$15, DW_AT_TI_end_line(0x3d)
     253                    .dwattr $C$DW$15, DW_AT_TI_end_column(0x01)
     254                    .dwendentry
     255                    .dwendtag $C$DW$15
     256            
     257            ;*****************************************************************************
     258            ;* UNDEFINED EXTERNAL REFERENCES                                             *
     259            ;*****************************************************************************
     260                    .global IE1
     261                    .global IFG1
     262                    .global P2OUT
     263                    .global P2DIR
     264                    .global P3OUT
     265                    .global P3DIR
     266                    .global P3SEL
     267                    .global TBCTL
     268                    .global TBCCTL4
     269                    .global TBCCR0
     270                    .global TBCCR4
     271                    .global WDTCTL
     272            
     273            ;******************************************************************************
     274            ;* BUILD ATTRIBUTES                                                           *
     275            ;******************************************************************************
     276                    .battr "TI", Tag_File, 1, Tag_LPM_INFO(2)
     277                    .battr "TI", Tag_File, 1, Tag_PORTS_INIT_INFO("012345678901ABCDEFGHIJ0111111111101100000000001
     278                    .battr "TI", Tag_File, 1, Tag_LEA_INFO(1)
     279                    .battr "TI", Tag_File, 1, Tag_HW_MPY32_INFO(1)
     280                    .battr "TI", Tag_File, 1, Tag_HW_MPY_ISR_INFO(1)
     281                    .battr "TI", Tag_File, 1, Tag_HW_MPY_INLINE_INFO(1)
     282                    .battr "mspabi", Tag_File, 1, Tag_enum_size(3)
     283            
     284            ;******************************************************************************
     285            ;* TYPE INFORMATION                                                           *
     286            ;******************************************************************************
     287            $C$DW$T$2       .dwtag  DW_TAG_unspecified_type
     288                    .dwattr $C$DW$T$2, DW_AT_name("void")
     289            
     290            
     291            $C$DW$T$20      .dwtag  DW_TAG_subroutine_type
     292                    .dwattr $C$DW$T$20, DW_AT_language(DW_LANG_C)
     293                    .dwendtag $C$DW$T$20
     294            
     295            $C$DW$T$21      .dwtag  DW_TAG_pointer_type
     296                    .dwattr $C$DW$T$21, DW_AT_type(*$C$DW$T$20)
     297                    .dwattr $C$DW$T$21, DW_AT_address_class(0x10)
     298            
     299            $C$DW$T$22      .dwtag  DW_TAG_typedef
     300                    .dwattr $C$DW$T$22, DW_AT_name("__SFR_FARPTR")
     301                    .dwattr $C$DW$T$22, DW_AT_type(*$C$DW$T$21)
     302                    .dwattr $C$DW$T$22, DW_AT_language(DW_LANG_C)
     303                    .dwattr $C$DW$T$22, DW_AT_decl_file("C:/ti/ccs1200/ccs/ccs_base/msp430/include/msp430xG46x.h")
     304                    .dwattr $C$DW$T$22, DW_AT_decl_line(0x53)
     305                    .dwattr $C$DW$T$22, DW_AT_decl_column(0x11)
     306            
MSP430 Assembler PC v21.6.0 Thu Mar 30 20:42:05 2023

Copyright (c) 2003-2018 Texas Instruments Incorporated
C:\Users\crs0074\AppData\Local\Temp\{59B2CB1A-1083-47ED-B960-71D4990B2B5D} PAGE    7

     307            $C$DW$T$4       .dwtag  DW_TAG_base_type
     308                    .dwattr $C$DW$T$4, DW_AT_encoding(DW_ATE_boolean)
     309                    .dwattr $C$DW$T$4, DW_AT_name("bool")
     310                    .dwattr $C$DW$T$4, DW_AT_byte_size(0x01)
     311            
     312            $C$DW$T$5       .dwtag  DW_TAG_base_type
     313                    .dwattr $C$DW$T$5, DW_AT_encoding(DW_ATE_signed_char)
     314                    .dwattr $C$DW$T$5, DW_AT_name("signed char")
     315                    .dwattr $C$DW$T$5, DW_AT_byte_size(0x01)
     316            
     317            $C$DW$T$6       .dwtag  DW_TAG_base_type
     318                    .dwattr $C$DW$T$6, DW_AT_encoding(DW_ATE_unsigned_char)
     319                    .dwattr $C$DW$T$6, DW_AT_name("unsigned char")
     320                    .dwattr $C$DW$T$6, DW_AT_byte_size(0x01)
     321            
     322            $C$DW$T$23      .dwtag  DW_TAG_volatile_type
     323                    .dwattr $C$DW$T$23, DW_AT_type(*$C$DW$T$6)
     324            
     325            $C$DW$T$7       .dwtag  DW_TAG_base_type
     326                    .dwattr $C$DW$T$7, DW_AT_encoding(DW_ATE_signed_char)
     327                    .dwattr $C$DW$T$7, DW_AT_name("wchar_t")
     328                    .dwattr $C$DW$T$7, DW_AT_byte_size(0x02)
     329            
     330            $C$DW$T$8       .dwtag  DW_TAG_base_type
     331                    .dwattr $C$DW$T$8, DW_AT_encoding(DW_ATE_signed)
     332                    .dwattr $C$DW$T$8, DW_AT_name("short")
     333                    .dwattr $C$DW$T$8, DW_AT_byte_size(0x02)
     334            
     335            $C$DW$T$9       .dwtag  DW_TAG_base_type
     336                    .dwattr $C$DW$T$9, DW_AT_encoding(DW_ATE_unsigned)
     337                    .dwattr $C$DW$T$9, DW_AT_name("unsigned short")
     338                    .dwattr $C$DW$T$9, DW_AT_byte_size(0x02)
     339            
     340            $C$DW$T$10      .dwtag  DW_TAG_base_type
     341                    .dwattr $C$DW$T$10, DW_AT_encoding(DW_ATE_signed)
     342                    .dwattr $C$DW$T$10, DW_AT_name("int")
     343                    .dwattr $C$DW$T$10, DW_AT_byte_size(0x02)
     344            
     345            $C$DW$T$11      .dwtag  DW_TAG_base_type
     346                    .dwattr $C$DW$T$11, DW_AT_encoding(DW_ATE_unsigned)
     347                    .dwattr $C$DW$T$11, DW_AT_name("unsigned int")
     348                    .dwattr $C$DW$T$11, DW_AT_byte_size(0x02)
     349            
     350            $C$DW$T$24      .dwtag  DW_TAG_volatile_type
     351                    .dwattr $C$DW$T$24, DW_AT_type(*$C$DW$T$11)
     352            
     353            $C$DW$T$12      .dwtag  DW_TAG_base_type
     354                    .dwattr $C$DW$T$12, DW_AT_encoding(DW_ATE_signed)
     355                    .dwattr $C$DW$T$12, DW_AT_name("long")
     356                    .dwattr $C$DW$T$12, DW_AT_byte_size(0x04)
     357            
     358            $C$DW$T$13      .dwtag  DW_TAG_base_type
     359                    .dwattr $C$DW$T$13, DW_AT_encoding(DW_ATE_unsigned)
     360                    .dwattr $C$DW$T$13, DW_AT_name("unsigned long")
     361                    .dwattr $C$DW$T$13, DW_AT_byte_size(0x04)
MSP430 Assembler PC v21.6.0 Thu Mar 30 20:42:05 2023

Copyright (c) 2003-2018 Texas Instruments Incorporated
C:\Users\crs0074\AppData\Local\Temp\{59B2CB1A-1083-47ED-B960-71D4990B2B5D} PAGE    8

     362            
     363            $C$DW$T$14      .dwtag  DW_TAG_base_type
     364                    .dwattr $C$DW$T$14, DW_AT_encoding(DW_ATE_signed)
     365                    .dwattr $C$DW$T$14, DW_AT_name("long long")
     366                    .dwattr $C$DW$T$14, DW_AT_byte_size(0x08)
     367            
     368            $C$DW$T$15      .dwtag  DW_TAG_base_type
     369                    .dwattr $C$DW$T$15, DW_AT_encoding(DW_ATE_unsigned)
     370                    .dwattr $C$DW$T$15, DW_AT_name("unsigned long long")
     371                    .dwattr $C$DW$T$15, DW_AT_byte_size(0x08)
     372            
     373            $C$DW$T$16      .dwtag  DW_TAG_base_type
     374                    .dwattr $C$DW$T$16, DW_AT_encoding(DW_ATE_float)
     375                    .dwattr $C$DW$T$16, DW_AT_name("float")
     376                    .dwattr $C$DW$T$16, DW_AT_byte_size(0x04)
     377            
     378            $C$DW$T$17      .dwtag  DW_TAG_base_type
     379                    .dwattr $C$DW$T$17, DW_AT_encoding(DW_ATE_float)
     380                    .dwattr $C$DW$T$17, DW_AT_name("double")
     381                    .dwattr $C$DW$T$17, DW_AT_byte_size(0x08)
     382            
     383            $C$DW$T$18      .dwtag  DW_TAG_base_type
     384                    .dwattr $C$DW$T$18, DW_AT_encoding(DW_ATE_float)
     385                    .dwattr $C$DW$T$18, DW_AT_name("long double")
     386                    .dwattr $C$DW$T$18, DW_AT_byte_size(0x08)
     387            
     388                    .dwattr $C$DW$CU, DW_AT_language(DW_LANG_C)
     389            
     390            ;***************************************************************
     391            ;* DWARF CIE ENTRIES                                           *
     392            ;***************************************************************
     393            
     394            $C$DW$CIE       .dwcie 16
     395                    .dwcfi  cfa_register, 1
     396                    .dwcfi  cfa_offset, 0
     397                    .dwcfi  same_value, 0
     398                    .dwcfi  same_value, 1
     399                    .dwcfi  same_value, 3
     400                    .dwcfi  same_value, 4
     401                    .dwcfi  same_value, 5
     402                    .dwcfi  same_value, 6
     403                    .dwcfi  same_value, 7
     404                    .dwcfi  same_value, 8
     405                    .dwcfi  same_value, 9
     406                    .dwcfi  same_value, 10
     407                    .dwendentry
     408            
     409            ;***************************************************************
     410            ;* DWARF REGISTER MAP                                          *
     411            ;***************************************************************
     412            
     413            $C$DW$17        .dwtag  DW_TAG_TI_assign_register
     414                    .dwattr $C$DW$17, DW_AT_name("PC")
     415                    .dwattr $C$DW$17, DW_AT_location[DW_OP_reg0]
     416            
MSP430 Assembler PC v21.6.0 Thu Mar 30 20:42:05 2023

Copyright (c) 2003-2018 Texas Instruments Incorporated
C:\Users\crs0074\AppData\Local\Temp\{59B2CB1A-1083-47ED-B960-71D4990B2B5D} PAGE    9

     417            $C$DW$18        .dwtag  DW_TAG_TI_assign_register
     418                    .dwattr $C$DW$18, DW_AT_name("SP")
     419                    .dwattr $C$DW$18, DW_AT_location[DW_OP_reg1]
     420            
     421            $C$DW$19        .dwtag  DW_TAG_TI_assign_register
     422                    .dwattr $C$DW$19, DW_AT_name("SR")
     423                    .dwattr $C$DW$19, DW_AT_location[DW_OP_reg2]
     424            
     425            $C$DW$20        .dwtag  DW_TAG_TI_assign_register
     426                    .dwattr $C$DW$20, DW_AT_name("CG")
     427                    .dwattr $C$DW$20, DW_AT_location[DW_OP_reg3]
     428            
     429            $C$DW$21        .dwtag  DW_TAG_TI_assign_register
     430                    .dwattr $C$DW$21, DW_AT_name("r4")
     431                    .dwattr $C$DW$21, DW_AT_location[DW_OP_reg4]
     432            
     433            $C$DW$22        .dwtag  DW_TAG_TI_assign_register
     434                    .dwattr $C$DW$22, DW_AT_name("r5")
     435                    .dwattr $C$DW$22, DW_AT_location[DW_OP_reg5]
     436            
     437            $C$DW$23        .dwtag  DW_TAG_TI_assign_register
     438                    .dwattr $C$DW$23, DW_AT_name("r6")
     439                    .dwattr $C$DW$23, DW_AT_location[DW_OP_reg6]
     440            
     441            $C$DW$24        .dwtag  DW_TAG_TI_assign_register
     442                    .dwattr $C$DW$24, DW_AT_name("r7")
     443                    .dwattr $C$DW$24, DW_AT_location[DW_OP_reg7]
     444            
     445            $C$DW$25        .dwtag  DW_TAG_TI_assign_register
     446                    .dwattr $C$DW$25, DW_AT_name("r8")
     447                    .dwattr $C$DW$25, DW_AT_location[DW_OP_reg8]
     448            
     449            $C$DW$26        .dwtag  DW_TAG_TI_assign_register
     450                    .dwattr $C$DW$26, DW_AT_name("r9")
     451                    .dwattr $C$DW$26, DW_AT_location[DW_OP_reg9]
     452            
     453            $C$DW$27        .dwtag  DW_TAG_TI_assign_register
     454                    .dwattr $C$DW$27, DW_AT_name("r10")
     455                    .dwattr $C$DW$27, DW_AT_location[DW_OP_reg10]
     456            
     457            $C$DW$28        .dwtag  DW_TAG_TI_assign_register
     458                    .dwattr $C$DW$28, DW_AT_name("r11")
     459                    .dwattr $C$DW$28, DW_AT_location[DW_OP_reg11]
     460            
     461            $C$DW$29        .dwtag  DW_TAG_TI_assign_register
     462                    .dwattr $C$DW$29, DW_AT_name("r12")
     463                    .dwattr $C$DW$29, DW_AT_location[DW_OP_reg12]
     464            
     465            $C$DW$30        .dwtag  DW_TAG_TI_assign_register
     466                    .dwattr $C$DW$30, DW_AT_name("r13")
     467                    .dwattr $C$DW$30, DW_AT_location[DW_OP_reg13]
     468            
     469            $C$DW$31        .dwtag  DW_TAG_TI_assign_register
     470                    .dwattr $C$DW$31, DW_AT_name("r14")
     471                    .dwattr $C$DW$31, DW_AT_location[DW_OP_reg14]
MSP430 Assembler PC v21.6.0 Thu Mar 30 20:42:05 2023

Copyright (c) 2003-2018 Texas Instruments Incorporated
C:\Users\crs0074\AppData\Local\Temp\{59B2CB1A-1083-47ED-B960-71D4990B2B5D} PAGE   10

     472            
     473            $C$DW$32        .dwtag  DW_TAG_TI_assign_register
     474                    .dwattr $C$DW$32, DW_AT_name("r15")
     475                    .dwattr $C$DW$32, DW_AT_location[DW_OP_reg15]
     476            
     477            $C$DW$33        .dwtag  DW_TAG_TI_assign_register
     478                    .dwattr $C$DW$33, DW_AT_name("CIE_RETA")
     479                    .dwattr $C$DW$33, DW_AT_location[DW_OP_reg16]
     480            
     481                    .dwendtag $C$DW$CU
     482            

No Assembly Errors, No Assembly Warnings
