
**** Build of configuration Debug for project project06_tutorial ****

"C:\\ti\\ccs1200\\ccs\\utils\\bin\\gmake" -k -j 8 all -O 
 
Building file: "../Lab6_D1.asm"
Invoking: MSP430 Compiler
"C:/ti/ccs1200/ccs/tools/compiler/ti-cgt-msp430_21.6.0.LTS/bin/cl430" -vmspx --code_model=small --data_model=small --use_hw_mpy=16 --include_path="C:/ti/ccs1200/ccs/ccs_base/msp430/include" --include_path="C:/Users/chand/workspace_v12/project06_tutorial" --include_path="C:/ti/ccs1200/ccs/tools/compiler/ti-cgt-msp430_21.6.0.LTS/include" --advice:power=all --define=__MSP430FG4618__ -g --printf_support=minimal --diag_warning=225 --diag_wrap=off --display_error_number --silicon_errata=CPU19 --preproc_with_compile --preproc_dependency="Lab6_D1.d_raw"  "../Lab6_D1.asm"
Finished building: "../Lab6_D1.asm"
 
Building file: "../Lab6_D6.c"
Invoking: MSP430 Compiler
"C:/ti/ccs1200/ccs/tools/compiler/ti-cgt-msp430_21.6.0.LTS/bin/cl430" -vmspx --code_model=small --data_model=small --use_hw_mpy=16 --include_path="C:/ti/ccs1200/ccs/ccs_base/msp430/include" --include_path="C:/Users/chand/workspace_v12/project06_tutorial" --include_path="C:/ti/ccs1200/ccs/tools/compiler/ti-cgt-msp430_21.6.0.LTS/include" --advice:power=all --define=__MSP430FG4618__ -g --printf_support=minimal --diag_warning=225 --diag_wrap=off --display_error_number --silicon_errata=CPU19 --preproc_with_compile --preproc_dependency="Lab6_D6.d_raw"  "../Lab6_D6.c"
"../Lab6_D6.c", line 36: remark #1527-D: (ULP 2.1) Detected SW delay loop using empty loop. Recommend using a timer module instead
Finished building: "../Lab6_D6.c"
 
Building target: "project06_tutorial.out"
Invoking: MSP430 Linker
"C:/ti/ccs1200/ccs/tools/compiler/ti-cgt-msp430_21.6.0.LTS/bin/cl430" -vmspx --code_model=small --data_model=small --use_hw_mpy=16 --advice:power=all --define=__MSP430FG4618__ -g --printf_support=minimal --diag_warning=225 --diag_wrap=off --display_error_number --silicon_errata=CPU19 -z -m"project06_tutorial.map" --heap_size=0 --stack_size=0 --cinit_hold_wdt=on -i"C:/ti/ccs1200/ccs/ccs_base/msp430/include" -i"C:/ti/ccs1200/ccs/tools/compiler/ti-cgt-msp430_21.6.0.LTS/lib" -i"C:/ti/ccs1200/ccs/tools/compiler/ti-cgt-msp430_21.6.0.LTS/include" --reread_libs --diag_wrap=off --display_error_number --warn_sections --xml_link_info="project06_tutorial_linkInfo.xml" --entry_point=RESET --use_hw_mpy=16 -o "project06_tutorial.out" "./Lab6_D1.obj" "./Lab6_D6.obj" "../lnk_msp430fg4618.cmd"  -llibc.a 
<Linking>
remark #10371-D: (ULP 1.1) Detected no uses of low power mode state changing instructions
remark #10372-D: (ULP 4.1) Detected uninitialized Port 2 in this project. Recommend initializing all unused ports to eliminate wasted current consumption on unused pins.
remark #10372-D: (ULP 4.1) Detected uninitialized Port 3 in this project. Recommend initializing all unused ports to eliminate wasted current consumption on unused pins.
remark #10372-D: (ULP 4.1) Detected uninitialized Port 4 in this project. Recommend initializing all unused ports to eliminate wasted current consumption on unused pins.
remark #10372-D: (ULP 4.1) Detected uninitialized Port 5 in this project. Recommend initializing all unused ports to eliminate wasted current consumption on unused pins.
remark #10372-D: (ULP 4.1) Detected uninitialized Port 6 in this project. Recommend initializing all unused ports to eliminate wasted current consumption on unused pins.
remark #10372-D: (ULP 4.1) Detected uninitialized Port 7 in this project. Recommend initializing all unused ports to eliminate wasted current consumption on unused pins.
remark #10372-D: (ULP 4.1) Detected uninitialized Port 8 in this project. Recommend initializing all unused ports to eliminate wasted current consumption on unused pins.
remark #10372-D: (ULP 4.1) Detected uninitialized Port 9 in this project. Recommend initializing all unused ports to eliminate wasted current consumption on unused pins.
remark #10372-D: (ULP 4.1) Detected uninitialized Port 10 in this project. Recommend initializing all unused ports to eliminate wasted current consumption on unused pins.
remark #10372-D: (ULP 4.1) Detected uninitialized Port A in this project. Recommend initializing all unused ports to eliminate wasted current consumption on unused pins.
remark #10372-D: (ULP 4.1) Detected uninitialized Port B in this project. Recommend initializing all unused ports to eliminate wasted current consumption on unused pins.
Finished building target: "project06_tutorial.out"
 

**** Build Finished ****
