
**** Build of configuration Debug for project project07_2023 ****

<<<<<<< HEAD
"C:\\ti\\ccs1200\\ccs\\utils\\bin\\gmake" -k -j 8 all -O 
 
Building file: "../main.c"
Invoking: MSP430 Compiler
"C:/ti/ccs1200/ccs/tools/compiler/ti-cgt-msp430_21.6.0.LTS/bin/cl430" -vmspx --data_model=restricted --use_hw_mpy=16 --include_path="C:/ti/ccs1200/ccs/ccs_base/msp430/include" --include_path="C:/Users/chand/workspace_v12/project07_2023" --include_path="C:/ti/ccs1200/ccs/tools/compiler/ti-cgt-msp430_21.6.0.LTS/include" --advice:power=all --define=__MSP430FG4618__ -g --printf_support=minimal --diag_warning=225 --diag_wrap=off --display_error_number --silicon_errata=CPU19 --preproc_with_compile --preproc_dependency="main.d_raw"  "../main.c"
 
>> Compilation failure
subdir_rules.mk:9: recipe for target 'main.obj' failed
"../main.c", line 18: warning #2580-D: pragma vector= accepts numeric arguments or "unused_interrupts" but not PORT1_ISR
"../main.c", line 20: error #20: identifier "SW1pressed" is undefined
1 error detected in the compilation of "../main.c".
gmake: *** [main.obj] Error 1
gmake: Target 'all' not remade because of errors.
=======
"C:\\ti\\ccs1200\\ccs\\utils\\bin\\gmake" -k -j 16 all -O 
 
Building file: "../Lab7_P1.c"
Invoking: MSP430 Compiler
"C:/ti/ccs1200/ccs/tools/compiler/ti-cgt-msp430_21.6.0.LTS/bin/cl430" -vmsp --data_model=small -Ooff --use_hw_mpy=16 --include_path="C:/ti/ccs1200/ccs/ccs_base/msp430/include" --include_path="C:/Users/crs0074/workspace_v12/project07_2023" --include_path="C:/ti/ccs1200/ccs/tools/compiler/ti-cgt-msp430_21.6.0.LTS/include" --advice:power=all --define=__MSP430FG4618__ -g --printf_support=full --diag_warning=225 --diag_wrap=off --display_error_number --silicon_errata=CPU19 --asm_listing --preproc_with_compile --preproc_dependency="Lab7_P1.d_raw"  "../Lab7_P1.c"
"../Lab7_P1.c", line 57: remark #1527-D: (ULP 2.1) Detected SW delay loop using __delay_cycles. Recommend using a timer module instead
"../Lab7_P1.c", line 60: remark #1527-D: (ULP 2.1) Detected SW delay loop using __delay_cycles. Recommend using a timer module instead
"../Lab7_P1.c", line 64: remark #1527-D: (ULP 2.1) Detected SW delay loop using __delay_cycles. Recommend using a timer module instead
"../Lab7_P1.c", line 71: remark #1527-D: (ULP 2.1) Detected SW delay loop using __delay_cycles. Recommend using a timer module instead
"../Lab7_P1.c", line 79: remark #1527-D: (ULP 2.1) Detected SW delay loop using __delay_cycles. Recommend using a timer module instead
Finished building: "../Lab7_P1.c"
 
Building target: "project07_2023.out"
Invoking: MSP430 Linker
"C:/ti/ccs1200/ccs/tools/compiler/ti-cgt-msp430_21.6.0.LTS/bin/cl430" -vmsp --data_model=small -Ooff --use_hw_mpy=16 --advice:power=all --define=__MSP430FG4618__ -g --printf_support=full --diag_warning=225 --diag_wrap=off --display_error_number --silicon_errata=CPU19 --asm_listing -z -m"project07_2023.map" --heap_size=300 --stack_size=80 --cinit_hold_wdt=on -i"C:/ti/ccs1200/ccs/ccs_base/msp430/include" -i"C:/ti/ccs1200/ccs/tools/compiler/ti-cgt-msp430_21.6.0.LTS/lib" -i"C:/ti/ccs1200/ccs/tools/compiler/ti-cgt-msp430_21.6.0.LTS/include" --reread_libs --diag_wrap=off --display_error_number --warn_sections --xml_link_info="project07_2023_linkInfo.xml" --use_hw_mpy=16 --rom_model -o "project07_2023.out" "./Lab7_P1.obj" "../lnk_msp430fg4618.cmd"  -llibc.a 
<Linking>
remark #10372-D: (ULP 4.1) Detected uninitialized Port 1 in this project. Recommend initializing all unused ports to eliminate wasted current consumption on unused pins.
remark #10372-D: (ULP 4.1) Detected uninitialized Port 3 in this project. Recommend initializing all unused ports to eliminate wasted current consumption on unused pins.
remark #10372-D: (ULP 4.1) Detected uninitialized Port 4 in this project. Recommend initializing all unused ports to eliminate wasted current consumption on unused pins.
remark #10372-D: (ULP 4.1) Detected uninitialized Port 5 in this project. Recommend initializing all unused ports to eliminate wasted current consumption on unused pins.
remark #10372-D: (ULP 4.1) Detected uninitialized Port 6 in this project. Recommend initializing all unused ports to eliminate wasted current consumption on unused pins.
remark #10372-D: (ULP 4.1) Detected uninitialized Port 7 in this project. Recommend initializing all unused ports to eliminate wasted current consumption on unused pins.
remark #10372-D: (ULP 4.1) Detected uninitialized Port 8 in this project. Recommend initializing all unused ports to eliminate wasted current consumption on unused pins.
remark #10372-D: (ULP 4.1) Detected uninitialized Port 9 in this project. Recommend initializing all unused ports to eliminate wasted current consumption on unused pins.
remark #10372-D: (ULP 4.1) Detected uninitialized Port 10 in this project. Recommend initializing all unused ports to eliminate wasted current consumption on unused pins.
remark #10372-D: (ULP 4.1) Detected uninitialized Port A in this project. Recommend initializing all unused ports to eliminate wasted current consumption on unused pins.
remark #10372-D: (ULP 4.1) Detected uninitialized Port B in this project. Recommend initializing all unused ports to eliminate wasted current consumption on unused pins.
Finished building target: "project07_2023.out"
 
>>>>>>> 3241bd8d2d1d8bbdb94c40978505efd2300e2163

**** Build Finished ****
